<?xml version="1.0" encoding="UTF-8"?>
<!-- Generated by org.testng.reporters.JUnitReportReporter -->
<testsuite hostname="DESKTOP-2BOE3UC" failures="0" tests="2" name="testNG.BeforeMethod_AfterMethod" time="17.579" errors="0" timestamp="2022-05-22T13:56:03 IST" skipped="0">
  <testcase classname="testNG.BeforeMethod_AfterMethod" name="skillraryLogin" time="9.377"/>
  <system-out/>
  <testcase classname="testNG.BeforeMethod_AfterMethod" name="facebook" time="8.202"/>
  <system-out/>
</testsuite> <!-- testNG.BeforeMethod_AfterMethod -->
