<?xml version="1.0" encoding="UTF-8"?>
<!-- Generated by org.testng.reporters.JUnitReportReporter -->
<testsuite hostname="DESKTOP-2BOE3UC" failures="0" tests="1" name="testNG.test1" time="0.008" errors="0" timestamp="2022-05-22T13:56:03 IST" skipped="0">
  <testcase classname="testNG.test1" name="logIn" time="0.008"/>
  <system-out>
    <![CDATA[Hello
welcome]]>
  </system-out>
</testsuite> <!-- testNG.test1 -->
