<?xml version="1.0" encoding="UTF-8"?>
<!-- Generated by org.testng.reporters.JUnitReportReporter -->
<testsuite hostname="DESKTOP-2BOE3UC" failures="0" tests="1" name="testNG.Test2" time="11.313" errors="0" timestamp="2022-05-22T13:59:36 IST" skipped="0">
  <testcase classname="testNG.Test2" name="skillraryLogin" time="11.313"/>
  <system-out/>
</testsuite> <!-- testNG.Test2 -->
