<?xml version="1.0" encoding="UTF-8"?>
<!-- Generated by org.testng.reporters.JUnitReportReporter -->
<testsuite hostname="DESKTOP-2BOE3UC" failures="0" tests="4" name="testNG.Priority" time="0.009" errors="0" timestamp="2022-05-19T08:39:23 IST" skipped="1">
  <testcase classname="testNG.Priority" name="WhatsUpMessage" time="0.007"/>
  <system-out>
    <![CDATA[whats up Message]]>
  </system-out>
  <testcase classname="testNG.Priority" name="WhatsUpcall" time="0.001"/>
  <system-out>
    <![CDATA[whats up calling]]>
  </system-out>
  <testcase classname="testNG.Priority" name="WhatsUpStatus" time="0.001"/>
  <system-out>
    <![CDATA[whats up Status]]>
  </system-out>
  <testcase classname="testNG.Priority" name="WhatsUpPay">
    <skipped/>
  </testcase> <!-- WhatsUpPay -->
  <system-out/>
</testsuite> <!-- testNG.Priority -->
