<?xml version="1.0" encoding="UTF-8"?>
<!-- Generated by org.testng.reporters.JUnitReportReporter -->
<testsuite hostname="DESKTOP-2BOE3UC" failures="0" tests="2" name="Testng_Regression.Test4" time="32.140" errors="0" timestamp="2022-05-22T15:25:49 IST" skipped="0">
  <testcase classname="Testng_Regression.Test4" name="facebook" time="7.095"/>
  <system-out/>
  <testcase classname="Testng_Regression.Test4" name="skillraryLogin" time="25.045"/>
  <system-out/>
</testsuite> <!-- Testng_Regression.Test4 -->
