<?xml version="1.0" encoding="UTF-8"?>
<!-- Generated by org.testng.reporters.JUnitReportReporter -->
<testsuite hostname="DESKTOP-2BOE3UC" failures="0" tests="2" name="Testng_Regression.Test2" time="14.255" errors="0" timestamp="2022-05-22T15:25:49 IST" skipped="0">
  <testcase classname="Testng_Regression.Test2" name="facebook" time="3.301"/>
  <system-out/>
  <testcase classname="Testng_Regression.Test2" name="skillraryLogin" time="10.954"/>
  <system-out/>
</testsuite> <!-- Testng_Regression.Test2 -->
