<?xml version="1.0" encoding="UTF-8"?>
<!-- Generated by org.testng.reporters.JUnitReportReporter -->
<testsuite hostname="DESKTOP-2BOE3UC" failures="0" tests="1" name="testNG.test1" time="0.014" errors="0" timestamp="2022-05-19T08:21:17 IST" skipped="0">
  <testcase classname="testNG.test1" name="demo" time="0.014"/>
  <system-out>
    <![CDATA[Hello
Welcome]]>
  </system-out>
</testsuite> <!-- testNG.test1 -->
